0 info it worked if it ends with ok
1 verbose cli [ '/usr/bin/node',
1 verbose cli   '/usr/bin/npm',
1 verbose cli   'install',
1 verbose cli   'some-transport-method' ]
2 info using npm@1.4.28
3 info using node@v0.10.37
4 verbose node symlink /usr/bin/node
5 verbose readDependencies using package.json deps
6 verbose cache add [ 'some-transport-method', null ]
7 verbose cache add name=undefined spec="some-transport-method" args=["some-transport-method",null]
8 verbose parsed url { protocol: null,
8 verbose parsed url   slashes: null,
8 verbose parsed url   auth: null,
8 verbose parsed url   host: null,
8 verbose parsed url   port: null,
8 verbose parsed url   hostname: null,
8 verbose parsed url   hash: null,
8 verbose parsed url   search: null,
8 verbose parsed url   query: null,
8 verbose parsed url   pathname: 'some-transport-method',
8 verbose parsed url   path: 'some-transport-method',
8 verbose parsed url   href: 'some-transport-method' }
9 silly lockFile 24b6801e-some-transport-method some-transport-method
10 verbose lock some-transport-method /home/aakriti/.npm/24b6801e-some-transport-method.lock
11 silly lockFile 24b6801e-some-transport-method some-transport-method
12 silly lockFile 24b6801e-some-transport-method some-transport-method
13 verbose addNamed [ 'some-transport-method', '' ]
14 verbose addNamed [ null, '*' ]
15 silly lockFile 2b0eccde-some-transport-method some-transport-method@
16 verbose lock some-transport-method@ /home/aakriti/.npm/2b0eccde-some-transport-method.lock
17 silly addNameRange { name: 'some-transport-method', range: '*', hasData: false }
18 verbose request where is /some-transport-method
19 verbose request registry https://registry.npmjs.org/
20 verbose request id 0b1711377349773b
21 verbose url raw /some-transport-method
22 verbose url resolving [ 'https://registry.npmjs.org/', './some-transport-method' ]
23 verbose url resolved https://registry.npmjs.org/some-transport-method
24 verbose request where is https://registry.npmjs.org/some-transport-method
25 info trying registry request attempt 1 at 20:29:10
26 http GET https://registry.npmjs.org/some-transport-method
27 http 404 https://registry.npmjs.org/some-transport-method
28 verbose headers { date: 'Sun, 26 Apr 2015 00:29:11 GMT',
28 verbose headers   server: 'CouchDB/1.5.0 (Erlang OTP/R16B03)',
28 verbose headers   'content-type': 'application/json',
28 verbose headers   'cache-control': 'max-age=0',
28 verbose headers   'content-length': '51',
28 verbose headers   'accept-ranges': 'bytes',
28 verbose headers   via: '1.1 varnish',
28 verbose headers   age: '0',
28 verbose headers   'x-served-by': 'cache-iad2130-IAD',
28 verbose headers   'x-cache': 'MISS',
28 verbose headers   'x-cache-hits': '0',
28 verbose headers   'x-timer': 'S1430008151.029418,VS0,VE17',
28 verbose headers   'keep-alive': 'timeout=10, max=50',
28 verbose headers   connection: 'Keep-Alive' }
29 silly registry.get cb [ 404,
29 silly registry.get   { date: 'Sun, 26 Apr 2015 00:29:11 GMT',
29 silly registry.get     server: 'CouchDB/1.5.0 (Erlang OTP/R16B03)',
29 silly registry.get     'content-type': 'application/json',
29 silly registry.get     'cache-control': 'max-age=0',
29 silly registry.get     'content-length': '51',
29 silly registry.get     'accept-ranges': 'bytes',
29 silly registry.get     via: '1.1 varnish',
29 silly registry.get     age: '0',
29 silly registry.get     'x-served-by': 'cache-iad2130-IAD',
29 silly registry.get     'x-cache': 'MISS',
29 silly registry.get     'x-cache-hits': '0',
29 silly registry.get     'x-timer': 'S1430008151.029418,VS0,VE17',
29 silly registry.get     'keep-alive': 'timeout=10, max=50',
29 silly registry.get     connection: 'Keep-Alive' } ]
30 silly lockFile 2b0eccde-some-transport-method some-transport-method@
31 silly lockFile 2b0eccde-some-transport-method some-transport-method@
32 error 404 404 Not Found: some-transport-method
32 error 404
32 error 404 'some-transport-method' is not in the npm registry.
32 error 404 You should bug the author to publish it
32 error 404 It was specified as a dependency of 'urbanbeats'
32 error 404
32 error 404 Note that you can also install from a
32 error 404 tarball, folder, or http url, or git url.
33 error System Linux 3.13.0-39-generic
34 error command "/usr/bin/node" "/usr/bin/npm" "install" "some-transport-method"
35 error cwd /home/aakriti/Desktop/urbanbeats
36 error node -v v0.10.37
37 error npm -v 1.4.28
38 error code E404
39 verbose exit [ 1, true ]
